<?xml version="1.0" encoding="UTF-8"?>
<coverage generated="1623676769750" clover="3.2.0">
  <project timestamp="1623676769750" name="All files">
    <metrics statements="15" coveredstatements="14" conditionals="2" coveredconditionals="1" methods="13" coveredmethods="13" elements="30" coveredelements="28" complexity="0" loc="15" ncloc="15" packages="1" files="5" classes="5"/>
    <file name="AddPrototype.vue" path="G:\unit-test\vue-unit-test\src\components\AddPrototype.vue">
      <metrics statements="2" coveredstatements="2" conditionals="0" coveredconditionals="0" methods="2" coveredmethods="2"/>
      <line num="11" count="1" type="stmt"/>
      <line num="17" count="1" type="stmt"/>
    </file>
    <file name="ComMethod.vue" path="G:\unit-test\vue-unit-test\src\components\ComMethod.vue">
      <metrics statements="3" coveredstatements="3" conditionals="0" coveredconditionals="0" methods="3" coveredmethods="3"/>
      <line num="9" count="2" type="stmt"/>
      <line num="15" count="1" type="stmt"/>
      <line num="18" count="1" type="stmt"/>
    </file>
    <file name="ComMount.vue" path="G:\unit-test\vue-unit-test\src\components\ComMount.vue">
      <metrics statements="1" coveredstatements="1" conditionals="0" coveredconditionals="0" methods="1" coveredmethods="1"/>
      <line num="13" count="1" type="stmt"/>
    </file>
    <file name="ComTimer.vue" path="G:\unit-test\vue-unit-test\src\components\ComTimer.vue">
      <metrics statements="8" coveredstatements="7" conditionals="2" coveredconditionals="1" methods="6" coveredmethods="6"/>
      <line num="10" count="3" type="stmt"/>
      <line num="18" count="1" type="stmt"/>
      <line num="19" count="1" type="stmt"/>
      <line num="23" count="2" type="stmt"/>
      <line num="24" count="10" type="stmt"/>
      <line num="25" count="10" type="cond" truecount="1" falsecount="1"/>
      <line num="26" count="0" type="stmt"/>
      <line num="31" count="1" type="stmt"/>
    </file>
    <file name="RenderOpt.vue" path="G:\unit-test\vue-unit-test\src\components\RenderOpt.vue">
      <metrics statements="1" coveredstatements="1" conditionals="0" coveredconditionals="0" methods="1" coveredmethods="1"/>
      <line num="16" count="1" type="stmt"/>
    </file>
  </project>
</coverage>
