TN:
SF:G:\unit-test\vue-unit-test\src\components\AddPrototype.vue
FN:10,(anonymous_1)
FN:16,(anonymous_2)
FNF:2
FNH:2
FNDA:1,(anonymous_1)
FNDA:1,(anonymous_2)
DA:11,1
DA:17,1
LF:2
LH:2
BRF:0
BRH:0
end_of_record
TN:
SF:G:\unit-test\vue-unit-test\src\components\ComMethod.vue
FN:8,(anonymous_1)
FN:14,(anonymous_2)
FN:17,(anonymous_3)
FNF:3
FNH:3
FNDA:2,(anonymous_1)
FNDA:1,(anonymous_2)
FNDA:1,(anonymous_3)
DA:9,2
DA:15,1
DA:18,1
LF:3
LH:3
BRF:0
BRH:0
end_of_record
TN:
SF:G:\unit-test\vue-unit-test\src\components\ComMount.vue
FN:12,(anonymous_1)
FNF:1
FNH:1
FNDA:1,(anonymous_1)
DA:13,1
LF:1
LH:1
BRF:0
BRH:0
end_of_record
TN:
SF:G:\unit-test\vue-unit-test\src\components\ComTimer.vue
FN:9,(anonymous_1)
FN:17,(anonymous_2)
FN:18,(anonymous_3)
FN:22,(anonymous_4)
FN:23,(anonymous_5)
FN:30,(anonymous_6)
FNF:6
FNH:6
FNDA:3,(anonymous_1)
FNDA:1,(anonymous_2)
FNDA:1,(anonymous_3)
FNDA:2,(anonymous_4)
FNDA:10,(anonymous_5)
FNDA:1,(anonymous_6)
DA:10,3
DA:18,1
DA:19,1
DA:23,2
DA:24,10
DA:25,10
DA:26,0
DA:31,1
LF:8
LH:7
BRDA:25,0,0,0
BRDA:25,0,1,10
BRF:2
BRH:1
end_of_record
TN:
SF:G:\unit-test\vue-unit-test\src\components\RenderOpt.vue
FN:15,(anonymous_1)
FNF:1
FNH:1
FNDA:1,(anonymous_1)
DA:16,1
LF:1
LH:1
BRF:0
BRH:0
end_of_record
